

times in msec
 clock   self+sourced   self:  sourced script
 clock   elapsed:              other lines

000.005  000.005: --- NVIM STARTING ---
000.465  000.460: locale set
004.884  004.419: inits 1
004.903  000.020: window checked
004.906  000.003: parsing arguments
007.556  002.650: expanding arguments
007.589  000.033: inits 2
008.106  000.517: init highlight
008.107  000.001: waiting for UI
010.832  002.725: done waiting for UI
010.851  000.019: init screen for UI
010.874  000.023: init default mappings
010.920  000.046: init default autocommands
011.872  000.232  000.232: sourcing /opt/homebrew/Cellar/neovim/0.7.0/share/nvim/runtime/ftplugin.vim
012.236  000.231  000.231: sourcing /opt/homebrew/Cellar/neovim/0.7.0/share/nvim/runtime/indent.vim
026.991  004.036  004.036: sourcing /Users/fadel/.local/share/nvim/site/pack/packer/start/nightfox.nvim/colors/nightfox.vim
027.000  014.642  010.605: sourcing /Users/fadel/.config/nvim/init.lua
027.019  000.994: sourcing vimrc file(s)
027.552  000.406  000.406: sourcing /opt/homebrew/Cellar/neovim/0.7.0/share/nvim/runtime/filetype.lua
027.829  000.224  000.224: sourcing /opt/homebrew/Cellar/neovim/0.7.0/share/nvim/runtime/filetype.vim
028.360  000.144  000.144: sourcing /opt/homebrew/Cellar/neovim/0.7.0/share/nvim/runtime/syntax/synload.vim
028.447  000.558  000.413: sourcing /opt/homebrew/Cellar/neovim/0.7.0/share/nvim/runtime/syntax/syntax.vim
029.581  000.160  000.160: sourcing /opt/homebrew/Cellar/neovim/0.7.0/share/nvim/runtime/plugin/gzip.vim
029.758  000.141  000.141: sourcing /opt/homebrew/Cellar/neovim/0.7.0/share/nvim/runtime/plugin/health.vim
029.878  000.074  000.074: sourcing /opt/homebrew/Cellar/neovim/0.7.0/share/nvim/runtime/plugin/man.vim
029.956  000.035  000.035: sourcing /opt/homebrew/Cellar/neovim/0.7.0/share/nvim/runtime/plugin/matchit.vim
030.140  000.147  000.147: sourcing /opt/homebrew/Cellar/neovim/0.7.0/share/nvim/runtime/plugin/matchparen.vim
030.456  000.281  000.281: sourcing /opt/homebrew/Cellar/neovim/0.7.0/share/nvim/runtime/plugin/netrwPlugin.vim
030.683  000.009  000.009: sourcing /Users/fadel/.local/share/nvim/rplugin.vim
030.688  000.188  000.180: sourcing /opt/homebrew/Cellar/neovim/0.7.0/share/nvim/runtime/plugin/rplugin.vim
030.804  000.076  000.076: sourcing /opt/homebrew/Cellar/neovim/0.7.0/share/nvim/runtime/plugin/shada.vim
030.899  000.036  000.036: sourcing /opt/homebrew/Cellar/neovim/0.7.0/share/nvim/runtime/plugin/spellfile.vim
030.980  000.040  000.040: sourcing /opt/homebrew/Cellar/neovim/0.7.0/share/nvim/runtime/plugin/tarPlugin.vim
031.063  000.042  000.042: sourcing /opt/homebrew/Cellar/neovim/0.7.0/share/nvim/runtime/plugin/tohtml.vim
031.148  000.042  000.042: sourcing /opt/homebrew/Cellar/neovim/0.7.0/share/nvim/runtime/plugin/tutor.vim
031.232  000.042  000.042: sourcing /opt/homebrew/Cellar/neovim/0.7.0/share/nvim/runtime/plugin/zipPlugin.vim
072.472  041.099  041.099: sourcing /Users/fadel/.config/nvim/plugin/packer_compiled.lua
072.892  002.283: loading rtp plugins
073.586  000.133  000.133: sourcing /Users/fadel/.local/share/nvim/site/pack/packer/start/nightfox.nvim/plugin/nightfox.vim
074.059  000.119  000.119: sourcing /Users/fadel/.local/share/nvim/site/pack/packer/start/plenary.nvim/plugin/plenary.vim
074.224  001.079: loading packages
074.572  000.348: loading after plugins
074.579  000.007: inits 3
076.397  001.817: reading ShaDa
076.447  000.051: opening buffers
076.497  000.049: BufEnter autocommands
076.498  000.001: editing files in windows
077.089  000.591: VimEnter autocommands
077.091  000.002: UIEnter autocommands
077.478  000.310  000.310: sourcing /opt/homebrew/Cellar/neovim/0.7.0/share/nvim/runtime/autoload/provider/clipboard.vim
077.482  000.081: before starting main loop
081.272  003.790: first screen update
081.275  000.003: --- NVIM STARTED ---


times in msec
 clock   self+sourced   self:  sourced script
 clock   elapsed:              other lines

000.005  000.005: --- NVIM STARTING ---
000.478  000.473: locale set
005.509  005.031: inits 1
005.528  000.020: window checked
005.532  000.003: parsing arguments
008.411  002.879: expanding arguments
008.449  000.038: inits 2
008.972  000.524: init highlight
008.973  000.001: waiting for UI
011.622  002.649: done waiting for UI
011.643  000.021: init screen for UI
011.667  000.024: init default mappings
011.706  000.039: init default autocommands
012.958  000.354  000.354: sourcing /opt/homebrew/Cellar/neovim/0.7.0/share/nvim/runtime/ftplugin.vim
013.429  000.302  000.302: sourcing /opt/homebrew/Cellar/neovim/0.7.0/share/nvim/runtime/indent.vim
029.897  004.401  004.401: sourcing /Users/fadel/.local/share/nvim/site/pack/packer/start/nightfox.nvim/colors/nightfox.vim
029.912  016.310  011.910: sourcing /Users/fadel/.config/nvim/init.lua
029.932  001.260: sourcing vimrc file(s)
030.641  000.562  000.562: sourcing /opt/homebrew/Cellar/neovim/0.7.0/share/nvim/runtime/filetype.lua
030.971  000.263  000.263: sourcing /opt/homebrew/Cellar/neovim/0.7.0/share/nvim/runtime/filetype.vim
031.515  000.155  000.155: sourcing /opt/homebrew/Cellar/neovim/0.7.0/share/nvim/runtime/syntax/synload.vim
031.618  000.583  000.428: sourcing /opt/homebrew/Cellar/neovim/0.7.0/share/nvim/runtime/syntax/syntax.vim
032.908  000.158  000.158: sourcing /opt/homebrew/Cellar/neovim/0.7.0/share/nvim/runtime/plugin/gzip.vim
033.097  000.144  000.144: sourcing /opt/homebrew/Cellar/neovim/0.7.0/share/nvim/runtime/plugin/health.vim
033.224  000.086  000.086: sourcing /opt/homebrew/Cellar/neovim/0.7.0/share/nvim/runtime/plugin/man.vim
033.304  000.039  000.039: sourcing /opt/homebrew/Cellar/neovim/0.7.0/share/nvim/runtime/plugin/matchit.vim
033.509  000.164  000.164: sourcing /opt/homebrew/Cellar/neovim/0.7.0/share/nvim/runtime/plugin/matchparen.vim
033.862  000.312  000.312: sourcing /opt/homebrew/Cellar/neovim/0.7.0/share/nvim/runtime/plugin/netrwPlugin.vim
034.290  000.120  000.120: sourcing /Users/fadel/.local/share/nvim/rplugin.vim
034.298  000.386  000.267: sourcing /opt/homebrew/Cellar/neovim/0.7.0/share/nvim/runtime/plugin/rplugin.vim
034.438  000.087  000.087: sourcing /opt/homebrew/Cellar/neovim/0.7.0/share/nvim/runtime/plugin/shada.vim
034.545  000.040  000.040: sourcing /opt/homebrew/Cellar/neovim/0.7.0/share/nvim/runtime/plugin/spellfile.vim
034.639  000.045  000.045: sourcing /opt/homebrew/Cellar/neovim/0.7.0/share/nvim/runtime/plugin/tarPlugin.vim
034.729  000.042  000.042: sourcing /opt/homebrew/Cellar/neovim/0.7.0/share/nvim/runtime/plugin/tohtml.vim
034.821  000.045  000.045: sourcing /opt/homebrew/Cellar/neovim/0.7.0/share/nvim/runtime/plugin/tutor.vim
034.913  000.043  000.043: sourcing /opt/homebrew/Cellar/neovim/0.7.0/share/nvim/runtime/plugin/zipPlugin.vim
081.313  046.247  046.247: sourcing /Users/fadel/.config/nvim/plugin/packer_compiled.lua
081.848  002.670: loading rtp plugins
082.711  000.147  000.147: sourcing /Users/fadel/.local/share/nvim/site/pack/packer/start/nightfox.nvim/plugin/nightfox.vim
083.312  000.125  000.125: sourcing /Users/fadel/.local/share/nvim/site/pack/packer/start/plenary.nvim/plugin/plenary.vim
083.503  001.382: loading packages
083.886  000.383: loading after plugins
083.895  000.009: inits 3
085.510  001.615: reading ShaDa
085.560  000.050: opening buffers
085.619  000.060: BufEnter autocommands
085.621  000.002: editing files in windows
086.199  000.578: VimEnter autocommands
086.200  000.001: UIEnter autocommands
086.638  000.363  000.363: sourcing /opt/homebrew/Cellar/neovim/0.7.0/share/nvim/runtime/autoload/provider/clipboard.vim
086.642  000.079: before starting main loop
089.859  003.217: first screen update
089.860  000.001: --- NVIM STARTED ---


times in msec
 clock   self+sourced   self:  sourced script
 clock   elapsed:              other lines

000.005  000.005: --- NVIM STARTING ---
000.472  000.467: locale set
005.011  004.539: inits 1
005.032  000.021: window checked
005.034  000.002: parsing arguments
007.889  002.855: expanding arguments
007.957  000.068: inits 2
008.482  000.525: init highlight
008.483  000.001: waiting for UI
010.468  001.985: done waiting for UI
010.485  000.017: init screen for UI
010.505  000.020: init default mappings
010.540  000.035: init default autocommands
012.771  000.314  000.314: sourcing /opt/homebrew/Cellar/neovim/0.7.0/share/nvim/runtime/ftplugin.vim
013.024  000.144  000.144: sourcing /opt/homebrew/Cellar/neovim/0.7.0/share/nvim/runtime/indent.vim
033.679  004.295  004.295: sourcing /Users/fadel/.local/share/nvim/site/pack/packer/start/nightfox.nvim/colors/nightfox.vim
033.696  020.543  016.248: sourcing /Users/fadel/.config/nvim/init.lua
033.709  002.169: sourcing vimrc file(s)
034.220  000.364  000.364: sourcing /opt/homebrew/Cellar/neovim/0.7.0/share/nvim/runtime/filetype.lua
034.431  000.140  000.140: sourcing /opt/homebrew/Cellar/neovim/0.7.0/share/nvim/runtime/filetype.vim
034.870  000.157  000.157: sourcing /opt/homebrew/Cellar/neovim/0.7.0/share/nvim/runtime/syntax/synload.vim
034.983  000.495  000.338: sourcing /opt/homebrew/Cellar/neovim/0.7.0/share/nvim/runtime/syntax/syntax.vim
036.295  000.154  000.154: sourcing /opt/homebrew/Cellar/neovim/0.7.0/share/nvim/runtime/plugin/gzip.vim
036.469  000.137  000.137: sourcing /opt/homebrew/Cellar/neovim/0.7.0/share/nvim/runtime/plugin/health.vim
036.597  000.095  000.095: sourcing /opt/homebrew/Cellar/neovim/0.7.0/share/nvim/runtime/plugin/man.vim
036.666  000.035  000.035: sourcing /opt/homebrew/Cellar/neovim/0.7.0/share/nvim/runtime/plugin/matchit.vim
036.847  000.147  000.147: sourcing /opt/homebrew/Cellar/neovim/0.7.0/share/nvim/runtime/plugin/matchparen.vim
037.175  000.294  000.294: sourcing /opt/homebrew/Cellar/neovim/0.7.0/share/nvim/runtime/plugin/netrwPlugin.vim
037.555  000.109  000.109: sourcing /Users/fadel/.local/share/nvim/rplugin.vim
037.561  000.319  000.210: sourcing /opt/homebrew/Cellar/neovim/0.7.0/share/nvim/runtime/plugin/rplugin.vim
037.678  000.074  000.074: sourcing /opt/homebrew/Cellar/neovim/0.7.0/share/nvim/runtime/plugin/shada.vim
037.757  000.036  000.036: sourcing /opt/homebrew/Cellar/neovim/0.7.0/share/nvim/runtime/plugin/spellfile.vim
037.840  000.040  000.040: sourcing /opt/homebrew/Cellar/neovim/0.7.0/share/nvim/runtime/plugin/tarPlugin.vim
037.920  000.040  000.040: sourcing /opt/homebrew/Cellar/neovim/0.7.0/share/nvim/runtime/plugin/tohtml.vim
038.001  000.041  000.041: sourcing /opt/homebrew/Cellar/neovim/0.7.0/share/nvim/runtime/plugin/tutor.vim
038.078  000.039  000.039: sourcing /opt/homebrew/Cellar/neovim/0.7.0/share/nvim/runtime/plugin/zipPlugin.vim
095.619  057.396  057.396: sourcing /Users/fadel/.config/nvim/plugin/packer_compiled.lua
096.041  002.484: loading rtp plugins
096.858  000.151  000.151: sourcing /Users/fadel/.local/share/nvim/site/pack/packer/start/nightfox.nvim/plugin/nightfox.vim
097.301  000.115  000.115: sourcing /Users/fadel/.local/share/nvim/site/pack/packer/start/plenary.nvim/plugin/plenary.vim
097.469  001.162: loading packages
097.824  000.354: loading after plugins
097.832  000.009: inits 3
099.437  001.604: reading ShaDa
099.487  000.050: opening buffers
099.545  000.058: BufEnter autocommands
099.546  000.002: editing files in windows
100.174  000.628: VimEnter autocommands
100.176  000.002: UIEnter autocommands
100.550  000.287  000.287: sourcing /opt/homebrew/Cellar/neovim/0.7.0/share/nvim/runtime/autoload/provider/clipboard.vim
100.554  000.091: before starting main loop
104.328  003.774: first screen update
104.331  000.003: --- NVIM STARTED ---


times in msec
 clock   self+sourced   self:  sourced script
 clock   elapsed:              other lines

000.009  000.009: --- NVIM STARTING ---
000.477  000.467: locale set
005.308  004.831: inits 1
005.328  000.020: window checked
005.331  000.004: parsing arguments
007.811  002.480: expanding arguments
007.876  000.065: inits 2
008.421  000.545: init highlight
008.422  000.001: waiting for UI
011.493  003.071: done waiting for UI
011.508  000.015: init screen for UI
011.526  000.019: init default mappings
011.560  000.033: init default autocommands
012.250  000.057  000.057: sourcing /opt/homebrew/Cellar/neovim/0.7.0/share/nvim/runtime/ftplugin.vim
012.368  000.030  000.030: sourcing /opt/homebrew/Cellar/neovim/0.7.0/share/nvim/runtime/indent.vim
025.527  003.535  003.535: sourcing /Users/fadel/.local/share/nvim/site/pack/packer/start/nightfox.nvim/colors/nightfox.vim
025.539  013.070  009.535: sourcing /Users/fadel/.config/nvim/init.lua
025.550  000.834: sourcing vimrc file(s)
025.883  000.161  000.161: sourcing /opt/homebrew/Cellar/neovim/0.7.0/share/nvim/runtime/filetype.lua
025.953  000.018  000.018: sourcing /opt/homebrew/Cellar/neovim/0.7.0/share/nvim/runtime/filetype.vim
026.169  000.074  000.074: sourcing /opt/homebrew/Cellar/neovim/0.7.0/share/nvim/runtime/syntax/synload.vim
026.280  000.277  000.202: sourcing /opt/homebrew/Cellar/neovim/0.7.0/share/nvim/runtime/syntax/syntax.vim
027.362  000.014  000.014: sourcing /opt/homebrew/Cellar/neovim/0.7.0/share/nvim/runtime/plugin/gzip.vim
027.412  000.011  000.011: sourcing /opt/homebrew/Cellar/neovim/0.7.0/share/nvim/runtime/plugin/health.vim
027.479  000.032  000.032: sourcing /opt/homebrew/Cellar/neovim/0.7.0/share/nvim/runtime/plugin/man.vim
027.528  000.013  000.013: sourcing /opt/homebrew/Cellar/neovim/0.7.0/share/nvim/runtime/plugin/matchit.vim
027.697  000.133  000.133: sourcing /opt/homebrew/Cellar/neovim/0.7.0/share/nvim/runtime/plugin/matchparen.vim
028.012  000.274  000.274: sourcing /opt/homebrew/Cellar/neovim/0.7.0/share/nvim/runtime/plugin/netrwPlugin.vim
028.244  000.009  000.009: sourcing /Users/fadel/.local/share/nvim/rplugin.vim
028.249  000.191  000.182: sourcing /opt/homebrew/Cellar/neovim/0.7.0/share/nvim/runtime/plugin/rplugin.vim
028.348  000.056  000.056: sourcing /opt/homebrew/Cellar/neovim/0.7.0/share/nvim/runtime/plugin/shada.vim
028.406  000.014  000.014: sourcing /opt/homebrew/Cellar/neovim/0.7.0/share/nvim/runtime/plugin/spellfile.vim
028.467  000.018  000.018: sourcing /opt/homebrew/Cellar/neovim/0.7.0/share/nvim/runtime/plugin/tarPlugin.vim
028.528  000.018  000.018: sourcing /opt/homebrew/Cellar/neovim/0.7.0/share/nvim/runtime/plugin/tohtml.vim
028.589  000.020  000.020: sourcing /opt/homebrew/Cellar/neovim/0.7.0/share/nvim/runtime/plugin/tutor.vim
028.657  000.019  000.019: sourcing /opt/homebrew/Cellar/neovim/0.7.0/share/nvim/runtime/plugin/zipPlugin.vim
090.263  061.450  061.450: sourcing /Users/fadel/.config/nvim/plugin/packer_compiled.lua
090.713  002.445: loading rtp plugins
091.388  000.214  000.214: sourcing /Users/fadel/.local/share/nvim/site/pack/packer/start/nightfox.nvim/plugin/nightfox.vim
091.817  000.191  000.191: sourcing /Users/fadel/.local/share/nvim/site/pack/packer/start/plenary.nvim/plugin/plenary.vim
092.007  000.889: loading packages
092.413  000.406: loading after plugins
092.424  000.011: inits 3
094.213  001.789: reading ShaDa
094.257  000.044: opening buffers
094.322  000.065: BufEnter autocommands
094.326  000.004: editing files in windows
094.931  000.605: VimEnter autocommands
094.933  000.002: UIEnter autocommands
095.294  000.282  000.282: sourcing /opt/homebrew/Cellar/neovim/0.7.0/share/nvim/runtime/autoload/provider/clipboard.vim
095.297  000.082: before starting main loop
099.053  003.755: first screen update
099.054  000.002: --- NVIM STARTED ---


times in msec
 clock   self+sourced   self:  sourced script
 clock   elapsed:              other lines

000.006  000.006: --- NVIM STARTING ---
000.525  000.518: locale set
005.718  005.194: inits 1
005.743  000.025: window checked
005.746  000.003: parsing arguments
008.595  002.849: expanding arguments
008.650  000.055: inits 2
009.240  000.590: init highlight
009.242  000.001: waiting for UI
011.528  002.286: done waiting for UI
011.548  000.021: init screen for UI
011.570  000.022: init default mappings
011.608  000.038: init default autocommands
014.144  000.337  000.337: sourcing /opt/homebrew/Cellar/neovim/0.7.0/share/nvim/runtime/ftplugin.vim
014.418  000.139  000.139: sourcing /opt/homebrew/Cellar/neovim/0.7.0/share/nvim/runtime/indent.vim
030.820  004.304  004.304: sourcing /Users/fadel/.local/share/nvim/site/pack/packer/start/nightfox.nvim/colors/nightfox.vim
030.829  016.258  011.955: sourcing /Users/fadel/.config/nvim/init.lua
030.838  002.495: sourcing vimrc file(s)
031.279  000.315  000.315: sourcing /opt/homebrew/Cellar/neovim/0.7.0/share/nvim/runtime/filetype.lua
031.471  000.144  000.144: sourcing /opt/homebrew/Cellar/neovim/0.7.0/share/nvim/runtime/filetype.vim
031.887  000.140  000.140: sourcing /opt/homebrew/Cellar/neovim/0.7.0/share/nvim/runtime/syntax/synload.vim
031.983  000.460  000.321: sourcing /opt/homebrew/Cellar/neovim/0.7.0/share/nvim/runtime/syntax/syntax.vim
033.318  000.152  000.152: sourcing /opt/homebrew/Cellar/neovim/0.7.0/share/nvim/runtime/plugin/gzip.vim
033.497  000.141  000.141: sourcing /opt/homebrew/Cellar/neovim/0.7.0/share/nvim/runtime/plugin/health.vim
033.621  000.088  000.088: sourcing /opt/homebrew/Cellar/neovim/0.7.0/share/nvim/runtime/plugin/man.vim
033.699  000.040  000.040: sourcing /opt/homebrew/Cellar/neovim/0.7.0/share/nvim/runtime/plugin/matchit.vim
033.895  000.160  000.160: sourcing /opt/homebrew/Cellar/neovim/0.7.0/share/nvim/runtime/plugin/matchparen.vim
034.231  000.298  000.298: sourcing /opt/homebrew/Cellar/neovim/0.7.0/share/nvim/runtime/plugin/netrwPlugin.vim
034.596  000.111  000.111: sourcing /Users/fadel/.local/share/nvim/rplugin.vim
034.601  000.321  000.210: sourcing /opt/homebrew/Cellar/neovim/0.7.0/share/nvim/runtime/plugin/rplugin.vim
034.729  000.084  000.084: sourcing /opt/homebrew/Cellar/neovim/0.7.0/share/nvim/runtime/plugin/shada.vim
034.813  000.039  000.039: sourcing /opt/homebrew/Cellar/neovim/0.7.0/share/nvim/runtime/plugin/spellfile.vim
034.899  000.042  000.042: sourcing /opt/homebrew/Cellar/neovim/0.7.0/share/nvim/runtime/plugin/tarPlugin.vim
034.986  000.043  000.043: sourcing /opt/homebrew/Cellar/neovim/0.7.0/share/nvim/runtime/plugin/tohtml.vim
035.077  000.047  000.047: sourcing /opt/homebrew/Cellar/neovim/0.7.0/share/nvim/runtime/plugin/tutor.vim
035.159  000.039  000.039: sourcing /opt/homebrew/Cellar/neovim/0.7.0/share/nvim/runtime/plugin/zipPlugin.vim
075.635  040.330  040.330: sourcing /Users/fadel/.config/nvim/plugin/packer_compiled.lua
076.057  002.476: loading rtp plugins
076.899  000.149  000.149: sourcing /Users/fadel/.local/share/nvim/site/pack/packer/start/nightfox.nvim/plugin/nightfox.vim
077.368  000.119  000.119: sourcing /Users/fadel/.local/share/nvim/site/pack/packer/start/plenary.nvim/plugin/plenary.vim
077.543  001.218: loading packages
077.909  000.366: loading after plugins
077.917  000.008: inits 3
079.549  001.632: reading ShaDa
079.591  000.042: opening buffers
079.644  000.053: BufEnter autocommands
079.645  000.001: editing files in windows
080.237  000.592: VimEnter autocommands
080.238  000.001: UIEnter autocommands
080.592  000.278  000.278: sourcing /opt/homebrew/Cellar/neovim/0.7.0/share/nvim/runtime/autoload/provider/clipboard.vim
080.596  000.080: before starting main loop
083.897  003.301: first screen update
083.899  000.002: --- NVIM STARTED ---


times in msec
 clock   self+sourced   self:  sourced script
 clock   elapsed:              other lines

000.005  000.005: --- NVIM STARTING ---
000.423  000.418: locale set
004.640  004.217: inits 1
004.655  000.015: window checked
004.657  000.002: parsing arguments
006.815  002.158: expanding arguments
006.854  000.039: inits 2
007.305  000.451: init highlight
007.306  000.001: waiting for UI
009.009  001.704: done waiting for UI
009.027  000.017: init screen for UI
009.046  000.019: init default mappings
009.078  000.032: init default autocommands
009.784  000.060  000.060: sourcing /opt/homebrew/Cellar/neovim/0.7.0/share/nvim/runtime/ftplugin.vim
009.898  000.030  000.030: sourcing /opt/homebrew/Cellar/neovim/0.7.0/share/nvim/runtime/indent.vim
022.291  003.320  003.320: sourcing /Users/fadel/.local/share/nvim/site/pack/packer/start/nightfox.nvim/colors/nightfox.vim
022.305  012.306  008.985: sourcing /Users/fadel/.config/nvim/init.lua
022.318  000.844: sourcing vimrc file(s)
022.642  000.170  000.170: sourcing /opt/homebrew/Cellar/neovim/0.7.0/share/nvim/runtime/filetype.lua
022.707  000.017  000.017: sourcing /opt/homebrew/Cellar/neovim/0.7.0/share/nvim/runtime/filetype.vim
022.927  000.074  000.074: sourcing /opt/homebrew/Cellar/neovim/0.7.0/share/nvim/runtime/syntax/synload.vim
023.029  000.273  000.199: sourcing /opt/homebrew/Cellar/neovim/0.7.0/share/nvim/runtime/syntax/syntax.vim
024.045  000.013  000.013: sourcing /opt/homebrew/Cellar/neovim/0.7.0/share/nvim/runtime/plugin/gzip.vim
024.088  000.010  000.010: sourcing /opt/homebrew/Cellar/neovim/0.7.0/share/nvim/runtime/plugin/health.vim
024.150  000.030  000.030: sourcing /opt/homebrew/Cellar/neovim/0.7.0/share/nvim/runtime/plugin/man.vim
024.194  000.012  000.012: sourcing /opt/homebrew/Cellar/neovim/0.7.0/share/nvim/runtime/plugin/matchit.vim
024.343  000.118  000.118: sourcing /opt/homebrew/Cellar/neovim/0.7.0/share/nvim/runtime/plugin/matchparen.vim
024.645  000.269  000.269: sourcing /opt/homebrew/Cellar/neovim/0.7.0/share/nvim/runtime/plugin/netrwPlugin.vim
024.915  000.009  000.009: sourcing /Users/fadel/.local/share/nvim/rplugin.vim
024.921  000.203  000.193: sourcing /opt/homebrew/Cellar/neovim/0.7.0/share/nvim/runtime/plugin/rplugin.vim
025.027  000.058  000.058: sourcing /opt/homebrew/Cellar/neovim/0.7.0/share/nvim/runtime/plugin/shada.vim
025.084  000.013  000.013: sourcing /opt/homebrew/Cellar/neovim/0.7.0/share/nvim/runtime/plugin/spellfile.vim
025.141  000.017  000.017: sourcing /opt/homebrew/Cellar/neovim/0.7.0/share/nvim/runtime/plugin/tarPlugin.vim
025.193  000.013  000.013: sourcing /opt/homebrew/Cellar/neovim/0.7.0/share/nvim/runtime/plugin/tohtml.vim
025.251  000.020  000.020: sourcing /opt/homebrew/Cellar/neovim/0.7.0/share/nvim/runtime/plugin/tutor.vim
025.305  000.017  000.017: sourcing /opt/homebrew/Cellar/neovim/0.7.0/share/nvim/runtime/plugin/zipPlugin.vim
058.153  032.700  032.700: sourcing /Users/fadel/.config/nvim/plugin/packer_compiled.lua
058.613  002.341: loading rtp plugins
059.122  000.035  000.035: sourcing /Users/fadel/.local/share/nvim/site/pack/packer/start/nightfox.nvim/plugin/nightfox.vim
059.384  000.022  000.022: sourcing /Users/fadel/.local/share/nvim/site/pack/packer/start/plenary.nvim/plugin/plenary.vim
059.574  000.904: loading packages
059.972  000.398: loading after plugins
059.981  000.010: inits 3
061.711  001.729: reading ShaDa
061.758  000.048: opening buffers
061.848  000.090: BufEnter autocommands
061.850  000.002: editing files in windows
062.659  000.809: VimEnter autocommands
062.660  000.001: UIEnter autocommands
062.877  000.132  000.132: sourcing /opt/homebrew/Cellar/neovim/0.7.0/share/nvim/runtime/autoload/provider/clipboard.vim
062.880  000.088: before starting main loop
066.382  003.502: first screen update
066.384  000.002: --- NVIM STARTED ---


times in msec
 clock   self+sourced   self:  sourced script
 clock   elapsed:              other lines

000.006  000.006: --- NVIM STARTING ---
000.490  000.485: locale set
005.707  005.217: inits 1
005.733  000.026: window checked
005.736  000.003: parsing arguments
008.543  002.807: expanding arguments
008.612  000.069: inits 2
009.217  000.605: init highlight
009.219  000.001: waiting for UI
011.513  002.295: done waiting for UI
011.532  000.019: init screen for UI
011.554  000.022: init default mappings
011.591  000.037: init default autocommands
012.405  000.073  000.073: sourcing /opt/homebrew/Cellar/neovim/0.7.0/share/nvim/runtime/ftplugin.vim
012.538  000.035  000.035: sourcing /opt/homebrew/Cellar/neovim/0.7.0/share/nvim/runtime/indent.vim
027.353  004.073  004.073: sourcing /Users/fadel/.local/share/nvim/site/pack/packer/start/nightfox.nvim/colors/nightfox.vim
027.362  014.704  010.631: sourcing /Users/fadel/.config/nvim/init.lua
027.373  000.971: sourcing vimrc file(s)
027.682  000.165  000.165: sourcing /opt/homebrew/Cellar/neovim/0.7.0/share/nvim/runtime/filetype.lua
027.754  000.019  000.019: sourcing /opt/homebrew/Cellar/neovim/0.7.0/share/nvim/runtime/filetype.vim
027.992  000.080  000.080: sourcing /opt/homebrew/Cellar/neovim/0.7.0/share/nvim/runtime/syntax/synload.vim
028.100  000.291  000.210: sourcing /opt/homebrew/Cellar/neovim/0.7.0/share/nvim/runtime/syntax/syntax.vim
029.277  000.017  000.017: sourcing /opt/homebrew/Cellar/neovim/0.7.0/share/nvim/runtime/plugin/gzip.vim
029.332  000.013  000.013: sourcing /opt/homebrew/Cellar/neovim/0.7.0/share/nvim/runtime/plugin/health.vim
029.408  000.036  000.036: sourcing /opt/homebrew/Cellar/neovim/0.7.0/share/nvim/runtime/plugin/man.vim
029.462  000.014  000.014: sourcing /opt/homebrew/Cellar/neovim/0.7.0/share/nvim/runtime/plugin/matchit.vim
029.651  000.149  000.149: sourcing /opt/homebrew/Cellar/neovim/0.7.0/share/nvim/runtime/plugin/matchparen.vim
029.992  000.300  000.300: sourcing /opt/homebrew/Cellar/neovim/0.7.0/share/nvim/runtime/plugin/netrwPlugin.vim
030.243  000.010  000.010: sourcing /Users/fadel/.local/share/nvim/rplugin.vim
030.249  000.206  000.196: sourcing /opt/homebrew/Cellar/neovim/0.7.0/share/nvim/runtime/plugin/rplugin.vim
030.364  000.065  000.065: sourcing /opt/homebrew/Cellar/neovim/0.7.0/share/nvim/runtime/plugin/shada.vim
030.430  000.015  000.015: sourcing /opt/homebrew/Cellar/neovim/0.7.0/share/nvim/runtime/plugin/spellfile.vim
030.491  000.018  000.018: sourcing /opt/homebrew/Cellar/neovim/0.7.0/share/nvim/runtime/plugin/tarPlugin.vim
030.550  000.015  000.015: sourcing /opt/homebrew/Cellar/neovim/0.7.0/share/nvim/runtime/plugin/tohtml.vim
030.613  000.020  000.020: sourcing /opt/homebrew/Cellar/neovim/0.7.0/share/nvim/runtime/plugin/tutor.vim
030.676  000.021  000.021: sourcing /opt/homebrew/Cellar/neovim/0.7.0/share/nvim/runtime/plugin/zipPlugin.vim
066.916  036.092  036.092: sourcing /Users/fadel/.config/nvim/plugin/packer_compiled.lua
067.351  002.522: loading rtp plugins
067.842  000.030  000.030: sourcing /Users/fadel/.local/share/nvim/site/pack/packer/start/nightfox.nvim/plugin/nightfox.vim
068.096  000.019  000.019: sourcing /Users/fadel/.local/share/nvim/site/pack/packer/start/plenary.nvim/plugin/plenary.vim
068.284  000.884: loading packages
068.678  000.394: loading after plugins
068.688  000.010: inits 3
070.520  001.832: reading ShaDa
070.571  000.050: opening buffers
070.646  000.076: BufEnter autocommands
070.648  000.002: editing files in windows
071.816  001.168: VimEnter autocommands
071.817  000.001: UIEnter autocommands
072.044  000.143  000.143: sourcing /opt/homebrew/Cellar/neovim/0.7.0/share/nvim/runtime/autoload/provider/clipboard.vim
072.047  000.087: before starting main loop
075.971  003.923: first screen update
075.973  000.002: --- NVIM STARTED ---


times in msec
 clock   self+sourced   self:  sourced script
 clock   elapsed:              other lines

000.005  000.005: --- NVIM STARTING ---
000.411  000.406: locale set
005.071  004.660: inits 1
005.092  000.021: window checked
005.095  000.003: parsing arguments
007.502  002.407: expanding arguments
007.538  000.036: inits 2
008.054  000.517: init highlight
008.055  000.001: waiting for UI
010.001  001.945: done waiting for UI
010.018  000.017: init screen for UI
010.038  000.020: init default mappings
010.073  000.035: init default autocommands
010.902  000.062  000.062: sourcing /opt/homebrew/Cellar/neovim/0.7.0/share/nvim/runtime/ftplugin.vim
011.038  000.031  000.031: sourcing /opt/homebrew/Cellar/neovim/0.7.0/share/nvim/runtime/indent.vim
023.987  003.797  003.797: sourcing /Users/fadel/.local/share/nvim/site/pack/packer/start/nightfox.nvim/colors/nightfox.vim
023.998  012.826  009.030: sourcing /Users/fadel/.config/nvim/init.lua
024.010  001.017: sourcing vimrc file(s)
024.299  000.157  000.157: sourcing /opt/homebrew/Cellar/neovim/0.7.0/share/nvim/runtime/filetype.lua
024.365  000.017  000.017: sourcing /opt/homebrew/Cellar/neovim/0.7.0/share/nvim/runtime/filetype.vim
024.580  000.076  000.076: sourcing /opt/homebrew/Cellar/neovim/0.7.0/share/nvim/runtime/syntax/synload.vim
024.686  000.271  000.196: sourcing /opt/homebrew/Cellar/neovim/0.7.0/share/nvim/runtime/syntax/syntax.vim
025.852  000.022  000.022: sourcing /opt/homebrew/Cellar/neovim/0.7.0/share/nvim/runtime/plugin/gzip.vim
025.909  000.014  000.014: sourcing /opt/homebrew/Cellar/neovim/0.7.0/share/nvim/runtime/plugin/health.vim
025.989  000.043  000.043: sourcing /opt/homebrew/Cellar/neovim/0.7.0/share/nvim/runtime/plugin/man.vim
026.041  000.014  000.014: sourcing /opt/homebrew/Cellar/neovim/0.7.0/share/nvim/runtime/plugin/matchit.vim
026.224  000.146  000.146: sourcing /opt/homebrew/Cellar/neovim/0.7.0/share/nvim/runtime/plugin/matchparen.vim
026.536  000.275  000.275: sourcing /opt/homebrew/Cellar/neovim/0.7.0/share/nvim/runtime/plugin/netrwPlugin.vim
026.776  000.010  000.010: sourcing /Users/fadel/.local/share/nvim/rplugin.vim
026.783  000.198  000.188: sourcing /opt/homebrew/Cellar/neovim/0.7.0/share/nvim/runtime/plugin/rplugin.vim
026.882  000.056  000.056: sourcing /opt/homebrew/Cellar/neovim/0.7.0/share/nvim/runtime/plugin/shada.vim
026.941  000.014  000.014: sourcing /opt/homebrew/Cellar/neovim/0.7.0/share/nvim/runtime/plugin/spellfile.vim
027.003  000.019  000.019: sourcing /opt/homebrew/Cellar/neovim/0.7.0/share/nvim/runtime/plugin/tarPlugin.vim
027.061  000.015  000.015: sourcing /opt/homebrew/Cellar/neovim/0.7.0/share/nvim/runtime/plugin/tohtml.vim
027.124  000.020  000.020: sourcing /opt/homebrew/Cellar/neovim/0.7.0/share/nvim/runtime/plugin/tutor.vim
027.184  000.019  000.019: sourcing /opt/homebrew/Cellar/neovim/0.7.0/share/nvim/runtime/plugin/zipPlugin.vim
059.759  032.420  032.420: sourcing /Users/fadel/.config/nvim/plugin/packer_compiled.lua
060.207  002.477: loading rtp plugins
060.700  000.029  000.029: sourcing /Users/fadel/.local/share/nvim/site/pack/packer/start/nightfox.nvim/plugin/nightfox.vim
060.983  000.023  000.023: sourcing /Users/fadel/.local/share/nvim/site/pack/packer/start/plenary.nvim/plugin/plenary.vim
061.193  000.934: loading packages
061.595  000.403: loading after plugins
061.605  000.009: inits 3
063.358  001.754: reading ShaDa
063.412  000.054: opening buffers
063.513  000.101: BufEnter autocommands
063.515  000.002: editing files in windows
064.225  000.710: VimEnter autocommands
064.226  000.001: UIEnter autocommands
064.460  000.143  000.143: sourcing /opt/homebrew/Cellar/neovim/0.7.0/share/nvim/runtime/autoload/provider/clipboard.vim
064.464  000.095: before starting main loop
067.999  003.535: first screen update
068.002  000.002: --- NVIM STARTED ---


times in msec
 clock   self+sourced   self:  sourced script
 clock   elapsed:              other lines

000.005  000.005: --- NVIM STARTING ---
000.490  000.485: locale set
005.408  004.918: inits 1
005.429  000.021: window checked
005.432  000.003: parsing arguments
008.165  002.733: expanding arguments
008.231  000.066: inits 2
008.839  000.609: init highlight
008.841  000.001: waiting for UI
011.059  002.218: done waiting for UI
011.078  000.019: init screen for UI
011.111  000.034: init default mappings
011.171  000.060: init default autocommands
012.250  000.315  000.315: sourcing /opt/homebrew/Cellar/neovim/0.7.0/share/nvim/runtime/ftplugin.vim
012.593  000.223  000.223: sourcing /opt/homebrew/Cellar/neovim/0.7.0/share/nvim/runtime/indent.vim
026.687  004.188  004.188: sourcing /Users/fadel/.local/share/nvim/site/pack/packer/start/nightfox.nvim/colors/nightfox.vim
026.702  013.973  009.784: sourcing /Users/fadel/.config/nvim/init.lua
026.715  001.034: sourcing vimrc file(s)
027.298  000.401  000.401: sourcing /opt/homebrew/Cellar/neovim/0.7.0/share/nvim/runtime/filetype.lua
027.557  000.193  000.193: sourcing /opt/homebrew/Cellar/neovim/0.7.0/share/nvim/runtime/filetype.vim
028.135  000.240  000.240: sourcing /opt/homebrew/Cellar/neovim/0.7.0/share/nvim/runtime/syntax/synload.vim
028.263  000.640  000.400: sourcing /opt/homebrew/Cellar/neovim/0.7.0/share/nvim/runtime/syntax/syntax.vim
029.669  000.198  000.198: sourcing /opt/homebrew/Cellar/neovim/0.7.0/share/nvim/runtime/plugin/gzip.vim
029.920  000.170  000.170: sourcing /opt/homebrew/Cellar/neovim/0.7.0/share/nvim/runtime/plugin/health.vim
030.059  000.090  000.090: sourcing /opt/homebrew/Cellar/neovim/0.7.0/share/nvim/runtime/plugin/man.vim
030.147  000.043  000.043: sourcing /opt/homebrew/Cellar/neovim/0.7.0/share/nvim/runtime/plugin/matchit.vim
030.359  000.168  000.168: sourcing /opt/homebrew/Cellar/neovim/0.7.0/share/nvim/runtime/plugin/matchparen.vim
030.692  000.293  000.293: sourcing /opt/homebrew/Cellar/neovim/0.7.0/share/nvim/runtime/plugin/netrwPlugin.vim
031.064  000.111  000.111: sourcing /Users/fadel/.local/share/nvim/rplugin.vim
031.071  000.332  000.221: sourcing /opt/homebrew/Cellar/neovim/0.7.0/share/nvim/runtime/plugin/rplugin.vim
031.197  000.079  000.079: sourcing /opt/homebrew/Cellar/neovim/0.7.0/share/nvim/runtime/plugin/shada.vim
031.284  000.039  000.039: sourcing /opt/homebrew/Cellar/neovim/0.7.0/share/nvim/runtime/plugin/spellfile.vim
031.376  000.047  000.047: sourcing /opt/homebrew/Cellar/neovim/0.7.0/share/nvim/runtime/plugin/tarPlugin.vim
031.460  000.039  000.039: sourcing /opt/homebrew/Cellar/neovim/0.7.0/share/nvim/runtime/plugin/tohtml.vim
031.551  000.046  000.046: sourcing /opt/homebrew/Cellar/neovim/0.7.0/share/nvim/runtime/plugin/tutor.vim
031.640  000.043  000.043: sourcing /opt/homebrew/Cellar/neovim/0.7.0/share/nvim/runtime/plugin/zipPlugin.vim
074.882  043.087  043.087: sourcing /Users/fadel/.config/nvim/plugin/packer_compiled.lua
075.333  002.709: loading rtp plugins
076.011  000.232  000.232: sourcing /Users/fadel/.local/share/nvim/site/pack/packer/start/nightfox.nvim/plugin/nightfox.vim
076.347  000.114  000.114: sourcing /Users/fadel/.local/share/nvim/site/pack/packer/start/plenary.nvim/plugin/plenary.vim
076.525  000.846: loading packages
076.894  000.368: loading after plugins
076.904  000.011: inits 3
078.595  001.691: reading ShaDa
078.652  000.057: opening buffers
078.760  000.108: BufEnter autocommands
078.761  000.002: editing files in windows
079.451  000.690: VimEnter autocommands
079.452  000.001: UIEnter autocommands
079.836  000.296  000.296: sourcing /opt/homebrew/Cellar/neovim/0.7.0/share/nvim/runtime/autoload/provider/clipboard.vim
079.841  000.093: before starting main loop
083.017  003.176: first screen update
083.018  000.001: --- NVIM STARTED ---


times in msec
 clock   self+sourced   self:  sourced script
 clock   elapsed:              other lines

000.006  000.006: --- NVIM STARTING ---
000.500  000.494: locale set
005.701  005.201: inits 1
005.727  000.026: window checked
005.733  000.006: parsing arguments
008.562  002.829: expanding arguments
008.604  000.042: inits 2
009.209  000.604: init highlight
009.210  000.001: waiting for UI
012.623  003.413: done waiting for UI
012.649  000.026: init screen for UI
012.679  000.029: init default mappings
012.719  000.040: init default autocommands
014.584  000.330  000.330: sourcing /opt/homebrew/Cellar/neovim/0.7.0/share/nvim/runtime/ftplugin.vim
014.941  000.237  000.237: sourcing /opt/homebrew/Cellar/neovim/0.7.0/share/nvim/runtime/indent.vim
031.728  004.108  004.108: sourcing /Users/fadel/.local/share/nvim/site/pack/packer/start/nightfox.nvim/colors/nightfox.vim
031.739  016.672  012.563: sourcing /Users/fadel/.config/nvim/init.lua
031.762  001.804: sourcing vimrc file(s)
032.328  000.415  000.415: sourcing /opt/homebrew/Cellar/neovim/0.7.0/share/nvim/runtime/filetype.lua
032.610  000.224  000.224: sourcing /opt/homebrew/Cellar/neovim/0.7.0/share/nvim/runtime/filetype.vim
033.139  000.142  000.142: sourcing /opt/homebrew/Cellar/neovim/0.7.0/share/nvim/runtime/syntax/synload.vim
033.259  000.584  000.442: sourcing /opt/homebrew/Cellar/neovim/0.7.0/share/nvim/runtime/syntax/syntax.vim
034.748  000.161  000.161: sourcing /opt/homebrew/Cellar/neovim/0.7.0/share/nvim/runtime/plugin/gzip.vim
034.929  000.138  000.138: sourcing /opt/homebrew/Cellar/neovim/0.7.0/share/nvim/runtime/plugin/health.vim
035.057  000.091  000.091: sourcing /opt/homebrew/Cellar/neovim/0.7.0/share/nvim/runtime/plugin/man.vim
035.129  000.035  000.035: sourcing /opt/homebrew/Cellar/neovim/0.7.0/share/nvim/runtime/plugin/matchit.vim
035.336  000.166  000.166: sourcing /opt/homebrew/Cellar/neovim/0.7.0/share/nvim/runtime/plugin/matchparen.vim
035.671  000.293  000.293: sourcing /opt/homebrew/Cellar/neovim/0.7.0/share/nvim/runtime/plugin/netrwPlugin.vim
036.046  000.117  000.117: sourcing /Users/fadel/.local/share/nvim/rplugin.vim
036.052  000.328  000.211: sourcing /opt/homebrew/Cellar/neovim/0.7.0/share/nvim/runtime/plugin/rplugin.vim
036.187  000.090  000.090: sourcing /opt/homebrew/Cellar/neovim/0.7.0/share/nvim/runtime/plugin/shada.vim
036.269  000.036  000.036: sourcing /opt/homebrew/Cellar/neovim/0.7.0/share/nvim/runtime/plugin/spellfile.vim
036.352  000.039  000.039: sourcing /opt/homebrew/Cellar/neovim/0.7.0/share/nvim/runtime/plugin/tarPlugin.vim
036.436  000.039  000.039: sourcing /opt/homebrew/Cellar/neovim/0.7.0/share/nvim/runtime/plugin/tohtml.vim
036.533  000.049  000.049: sourcing /opt/homebrew/Cellar/neovim/0.7.0/share/nvim/runtime/plugin/tutor.vim
036.627  000.046  000.046: sourcing /opt/homebrew/Cellar/neovim/0.7.0/share/nvim/runtime/plugin/zipPlugin.vim
098.404  061.614  061.614: sourcing /Users/fadel/.config/nvim/plugin/packer_compiled.lua
098.869  002.759: loading rtp plugins
099.739  000.152  000.152: sourcing /Users/fadel/.local/share/nvim/site/pack/packer/start/nightfox.nvim/plugin/nightfox.vim
100.348  000.131  000.131: sourcing /Users/fadel/.local/share/nvim/site/pack/packer/start/plenary.nvim/plugin/plenary.vim
100.542  001.390: loading packages
100.931  000.389: loading after plugins
100.941  000.010: inits 3
102.660  001.719: reading ShaDa
102.720  000.061: opening buffers
102.800  000.080: BufEnter autocommands
102.802  000.002: editing files in windows
103.632  000.830: VimEnter autocommands
103.633  000.001: UIEnter autocommands
104.140  000.413  000.413: sourcing /opt/homebrew/Cellar/neovim/0.7.0/share/nvim/runtime/autoload/provider/clipboard.vim
104.144  000.099: before starting main loop
107.549  003.405: first screen update
107.551  000.002: --- NVIM STARTED ---


times in msec
 clock   self+sourced   self:  sourced script
 clock   elapsed:              other lines

000.006  000.006: --- NVIM STARTING ---
000.571  000.565: locale set
005.887  005.316: inits 1
005.915  000.028: window checked
005.918  000.003: parsing arguments
009.465  003.547: expanding arguments
009.528  000.063: inits 2
010.053  000.525: init highlight
010.055  000.002: waiting for UI
012.092  002.037: done waiting for UI
012.110  000.018: init screen for UI
012.131  000.021: init default mappings
012.171  000.040: init default autocommands
013.325  000.270  000.270: sourcing /opt/homebrew/Cellar/neovim/0.7.0/share/nvim/runtime/ftplugin.vim
013.604  000.154  000.154: sourcing /opt/homebrew/Cellar/neovim/0.7.0/share/nvim/runtime/indent.vim
028.417  004.335  004.335: sourcing /Users/fadel/.local/share/nvim/site/pack/packer/start/nightfox.nvim/colors/nightfox.vim
028.428  014.669  010.334: sourcing /Users/fadel/.config/nvim/init.lua
028.437  001.173: sourcing vimrc file(s)
028.932  000.361  000.361: sourcing /opt/homebrew/Cellar/neovim/0.7.0/share/nvim/runtime/filetype.lua
029.137  000.153  000.153: sourcing /opt/homebrew/Cellar/neovim/0.7.0/share/nvim/runtime/filetype.vim
029.595  000.147  000.147: sourcing /opt/homebrew/Cellar/neovim/0.7.0/share/nvim/runtime/syntax/synload.vim
029.697  000.482  000.335: sourcing /opt/homebrew/Cellar/neovim/0.7.0/share/nvim/runtime/syntax/syntax.vim
030.948  000.170  000.170: sourcing /opt/homebrew/Cellar/neovim/0.7.0/share/nvim/runtime/plugin/gzip.vim
031.131  000.144  000.144: sourcing /opt/homebrew/Cellar/neovim/0.7.0/share/nvim/runtime/plugin/health.vim
031.270  000.102  000.102: sourcing /opt/homebrew/Cellar/neovim/0.7.0/share/nvim/runtime/plugin/man.vim
031.354  000.041  000.041: sourcing /opt/homebrew/Cellar/neovim/0.7.0/share/nvim/runtime/plugin/matchit.vim
031.560  000.168  000.168: sourcing /opt/homebrew/Cellar/neovim/0.7.0/share/nvim/runtime/plugin/matchparen.vim
031.899  000.302  000.302: sourcing /opt/homebrew/Cellar/neovim/0.7.0/share/nvim/runtime/plugin/netrwPlugin.vim
032.181  000.011  000.011: sourcing /Users/fadel/.local/share/nvim/rplugin.vim
032.190  000.239  000.228: sourcing /opt/homebrew/Cellar/neovim/0.7.0/share/nvim/runtime/plugin/rplugin.vim
032.331  000.093  000.093: sourcing /opt/homebrew/Cellar/neovim/0.7.0/share/nvim/runtime/plugin/shada.vim
032.427  000.044  000.044: sourcing /opt/homebrew/Cellar/neovim/0.7.0/share/nvim/runtime/plugin/spellfile.vim
032.524  000.052  000.052: sourcing /opt/homebrew/Cellar/neovim/0.7.0/share/nvim/runtime/plugin/tarPlugin.vim
032.614  000.045  000.045: sourcing /opt/homebrew/Cellar/neovim/0.7.0/share/nvim/runtime/plugin/tohtml.vim
032.710  000.049  000.049: sourcing /opt/homebrew/Cellar/neovim/0.7.0/share/nvim/runtime/plugin/tutor.vim
032.806  000.048  000.048: sourcing /opt/homebrew/Cellar/neovim/0.7.0/share/nvim/runtime/plugin/zipPlugin.vim
084.732  051.763  051.763: sourcing /Users/fadel/.config/nvim/plugin/packer_compiled.lua
085.154  002.460: loading rtp plugins
085.786  000.182  000.182: sourcing /Users/fadel/.local/share/nvim/site/pack/packer/start/nightfox.nvim/plugin/nightfox.vim
086.132  000.123  000.123: sourcing /Users/fadel/.local/share/nvim/site/pack/packer/start/plenary.nvim/plugin/plenary.vim
086.306  000.848: loading packages
086.676  000.369: loading after plugins
086.691  000.015: inits 3
088.486  001.795: reading ShaDa
088.566  000.080: opening buffers
088.680  000.114: BufEnter autocommands
088.682  000.002: editing files in windows
089.456  000.774: VimEnter autocommands
089.458  000.002: UIEnter autocommands
089.845  000.300  000.300: sourcing /opt/homebrew/Cellar/neovim/0.7.0/share/nvim/runtime/autoload/provider/clipboard.vim
089.849  000.091: before starting main loop
093.623  003.773: first screen update
093.625  000.003: --- NVIM STARTED ---


times in msec
 clock   self+sourced   self:  sourced script
 clock   elapsed:              other lines

000.006  000.006: --- NVIM STARTING ---
000.499  000.493: locale set
006.285  005.786: inits 1
006.313  000.028: window checked
006.317  000.003: parsing arguments
009.152  002.835: expanding arguments
009.215  000.064: inits 2
009.739  000.524: init highlight
009.740  000.001: waiting for UI
011.811  002.071: done waiting for UI
011.832  000.020: init screen for UI
011.853  000.021: init default mappings
011.890  000.037: init default autocommands
013.678  000.846  000.846: sourcing /opt/homebrew/Cellar/neovim/0.7.0/share/nvim/runtime/ftplugin.vim
014.010  000.190  000.190: sourcing /opt/homebrew/Cellar/neovim/0.7.0/share/nvim/runtime/indent.vim
028.646  003.970  003.970: sourcing /Users/fadel/.local/share/nvim/site/pack/packer/start/nightfox.nvim/colors/nightfox.vim
028.661  014.496  010.525: sourcing /Users/fadel/.config/nvim/init.lua
028.686  001.264: sourcing vimrc file(s)
029.145  000.313  000.313: sourcing /opt/homebrew/Cellar/neovim/0.7.0/share/nvim/runtime/filetype.lua
029.354  000.159  000.159: sourcing /opt/homebrew/Cellar/neovim/0.7.0/share/nvim/runtime/filetype.vim
029.843  000.152  000.152: sourcing /opt/homebrew/Cellar/neovim/0.7.0/share/nvim/runtime/syntax/synload.vim
029.944  000.509  000.357: sourcing /opt/homebrew/Cellar/neovim/0.7.0/share/nvim/runtime/syntax/syntax.vim
031.213  000.175  000.175: sourcing /opt/homebrew/Cellar/neovim/0.7.0/share/nvim/runtime/plugin/gzip.vim
031.392  000.140  000.140: sourcing /opt/homebrew/Cellar/neovim/0.7.0/share/nvim/runtime/plugin/health.vim
031.534  000.103  000.103: sourcing /opt/homebrew/Cellar/neovim/0.7.0/share/nvim/runtime/plugin/man.vim
031.614  000.040  000.040: sourcing /opt/homebrew/Cellar/neovim/0.7.0/share/nvim/runtime/plugin/matchit.vim
031.824  000.171  000.171: sourcing /opt/homebrew/Cellar/neovim/0.7.0/share/nvim/runtime/plugin/matchparen.vim
032.164  000.302  000.302: sourcing /opt/homebrew/Cellar/neovim/0.7.0/share/nvim/runtime/plugin/netrwPlugin.vim
032.447  000.013  000.013: sourcing /Users/fadel/.local/share/nvim/rplugin.vim
032.454  000.241  000.228: sourcing /opt/homebrew/Cellar/neovim/0.7.0/share/nvim/runtime/plugin/rplugin.vim
032.589  000.091  000.091: sourcing /opt/homebrew/Cellar/neovim/0.7.0/share/nvim/runtime/plugin/shada.vim
032.672  000.037  000.037: sourcing /opt/homebrew/Cellar/neovim/0.7.0/share/nvim/runtime/plugin/spellfile.vim
032.761  000.044  000.044: sourcing /opt/homebrew/Cellar/neovim/0.7.0/share/nvim/runtime/plugin/tarPlugin.vim
032.849  000.041  000.041: sourcing /opt/homebrew/Cellar/neovim/0.7.0/share/nvim/runtime/plugin/tohtml.vim
032.935  000.042  000.042: sourcing /opt/homebrew/Cellar/neovim/0.7.0/share/nvim/runtime/plugin/tutor.vim
033.020  000.041  000.041: sourcing /opt/homebrew/Cellar/neovim/0.7.0/share/nvim/runtime/plugin/zipPlugin.vim
069.177  036.000  036.000: sourcing /Users/fadel/.config/nvim/plugin/packer_compiled.lua
069.591  002.455: loading rtp plugins
070.241  000.184  000.184: sourcing /Users/fadel/.local/share/nvim/site/pack/packer/start/nightfox.nvim/plugin/nightfox.vim
070.673  000.153  000.153: sourcing /Users/fadel/.local/share/nvim/site/pack/packer/start/plenary.nvim/plugin/plenary.vim
070.868  000.939: loading packages
071.261  000.394: loading after plugins
071.269  000.008: inits 3
072.951  001.681: reading ShaDa
072.996  000.045: opening buffers
073.043  000.047: BufEnter autocommands
073.044  000.001: editing files in windows
073.676  000.633: VimEnter autocommands
073.678  000.001: UIEnter autocommands
074.039  000.283  000.283: sourcing /opt/homebrew/Cellar/neovim/0.7.0/share/nvim/runtime/autoload/provider/clipboard.vim
074.042  000.081: before starting main loop
077.129  003.087: first screen update
077.131  000.002: --- NVIM STARTED ---


times in msec
 clock   self+sourced   self:  sourced script
 clock   elapsed:              other lines

000.005  000.005: --- NVIM STARTING ---
000.501  000.495: locale set
007.827  007.326: inits 1
007.853  000.026: window checked
007.856  000.003: parsing arguments
010.605  002.749: expanding arguments
010.672  000.067: inits 2
011.199  000.527: init highlight
011.200  000.001: waiting for UI
013.832  002.631: done waiting for UI
013.852  000.020: init screen for UI
013.874  000.022: init default mappings
013.915  000.041: init default autocommands
016.405  000.339  000.339: sourcing /opt/homebrew/Cellar/neovim/0.7.0/share/nvim/runtime/ftplugin.vim
016.769  000.226  000.226: sourcing /opt/homebrew/Cellar/neovim/0.7.0/share/nvim/runtime/indent.vim
032.305  003.789  003.789: sourcing /Users/fadel/.local/share/nvim/site/pack/packer/start/nightfox.nvim/colors/nightfox.vim
032.323  015.393  011.604: sourcing /Users/fadel/.config/nvim/init.lua
032.337  002.464: sourcing vimrc file(s)
032.957  000.473  000.473: sourcing /opt/homebrew/Cellar/neovim/0.7.0/share/nvim/runtime/filetype.lua
033.301  000.282  000.282: sourcing /opt/homebrew/Cellar/neovim/0.7.0/share/nvim/runtime/filetype.vim
033.825  000.151  000.151: sourcing /opt/homebrew/Cellar/neovim/0.7.0/share/nvim/runtime/syntax/synload.vim
033.934  000.578  000.426: sourcing /opt/homebrew/Cellar/neovim/0.7.0/share/nvim/runtime/syntax/syntax.vim
035.262  000.159  000.159: sourcing /opt/homebrew/Cellar/neovim/0.7.0/share/nvim/runtime/plugin/gzip.vim
035.442  000.141  000.141: sourcing /opt/homebrew/Cellar/neovim/0.7.0/share/nvim/runtime/plugin/health.vim
035.577  000.097  000.097: sourcing /opt/homebrew/Cellar/neovim/0.7.0/share/nvim/runtime/plugin/man.vim
035.657  000.042  000.042: sourcing /opt/homebrew/Cellar/neovim/0.7.0/share/nvim/runtime/plugin/matchit.vim
035.862  000.165  000.165: sourcing /opt/homebrew/Cellar/neovim/0.7.0/share/nvim/runtime/plugin/matchparen.vim
036.205  000.306  000.306: sourcing /opt/homebrew/Cellar/neovim/0.7.0/share/nvim/runtime/plugin/netrwPlugin.vim
036.570  000.111  000.111: sourcing /Users/fadel/.local/share/nvim/rplugin.vim
036.577  000.323  000.212: sourcing /opt/homebrew/Cellar/neovim/0.7.0/share/nvim/runtime/plugin/rplugin.vim
036.705  000.080  000.080: sourcing /opt/homebrew/Cellar/neovim/0.7.0/share/nvim/runtime/plugin/shada.vim
036.789  000.039  000.039: sourcing /opt/homebrew/Cellar/neovim/0.7.0/share/nvim/runtime/plugin/spellfile.vim
036.877  000.043  000.043: sourcing /opt/homebrew/Cellar/neovim/0.7.0/share/nvim/runtime/plugin/tarPlugin.vim
036.963  000.041  000.041: sourcing /opt/homebrew/Cellar/neovim/0.7.0/share/nvim/runtime/plugin/tohtml.vim
037.052  000.045  000.045: sourcing /opt/homebrew/Cellar/neovim/0.7.0/share/nvim/runtime/plugin/tutor.vim
037.144  000.048  000.048: sourcing /opt/homebrew/Cellar/neovim/0.7.0/share/nvim/runtime/plugin/zipPlugin.vim
086.706  049.409  049.409: sourcing /Users/fadel/.config/nvim/plugin/packer_compiled.lua
087.121  002.513: loading rtp plugins
088.398  000.172  000.172: sourcing /Users/fadel/.local/share/nvim/site/pack/packer/start/nightfox.nvim/plugin/nightfox.vim
088.928  000.126  000.126: sourcing /Users/fadel/.local/share/nvim/site/pack/packer/start/plenary.nvim/plugin/plenary.vim
089.123  001.704: loading packages
089.500  000.377: loading after plugins
089.508  000.008: inits 3
091.147  001.638: reading ShaDa
091.200  000.053: opening buffers
091.262  000.062: BufEnter autocommands
091.263  000.001: editing files in windows
091.942  000.678: VimEnter autocommands
091.943  000.001: UIEnter autocommands
092.403  000.386  000.386: sourcing /opt/homebrew/Cellar/neovim/0.7.0/share/nvim/runtime/autoload/provider/clipboard.vim
092.409  000.080: before starting main loop
095.608  003.199: first screen update
095.609  000.001: --- NVIM STARTED ---


times in msec
 clock   self+sourced   self:  sourced script
 clock   elapsed:              other lines

000.018  000.018: --- NVIM STARTING ---
003.877  003.860: locale set
008.960  005.082: inits 1
009.173  000.213: window checked
009.177  000.004: parsing arguments
021.271  012.094: expanding arguments
021.841  000.570: inits 2
022.229  000.388: init highlight
022.230  000.001: waiting for UI
024.569  002.340: done waiting for UI
024.583  000.014: init screen for UI
024.612  000.029: init default mappings
024.715  000.103: init default autocommands
026.119  000.454  000.454: sourcing /opt/homebrew/Cellar/neovim/0.7.0/share/nvim/runtime/ftplugin.vim
026.387  000.201  000.201: sourcing /opt/homebrew/Cellar/neovim/0.7.0/share/nvim/runtime/indent.vim
050.855  007.244  007.244: sourcing /Users/fadel/.local/share/nvim/site/pack/packer/start/nightfox.nvim/colors/nightfox.vim
050.865  024.401  017.157: sourcing /Users/fadel/.config/nvim/init.lua
050.874  001.103: sourcing vimrc file(s)
051.340  000.364  000.364: sourcing /opt/homebrew/Cellar/neovim/0.7.0/share/nvim/runtime/filetype.lua
051.663  000.281  000.281: sourcing /opt/homebrew/Cellar/neovim/0.7.0/share/nvim/runtime/filetype.vim
052.800  000.169  000.169: sourcing /opt/homebrew/Cellar/neovim/0.7.0/share/nvim/runtime/syntax/synload.vim
052.902  000.935  000.767: sourcing /opt/homebrew/Cellar/neovim/0.7.0/share/nvim/runtime/syntax/syntax.vim
053.893  000.154  000.154: sourcing /opt/homebrew/Cellar/neovim/0.7.0/share/nvim/runtime/plugin/gzip.vim
054.032  000.109  000.109: sourcing /opt/homebrew/Cellar/neovim/0.7.0/share/nvim/runtime/plugin/health.vim
054.157  000.084  000.084: sourcing /opt/homebrew/Cellar/neovim/0.7.0/share/nvim/runtime/plugin/man.vim
054.219  000.031  000.031: sourcing /opt/homebrew/Cellar/neovim/0.7.0/share/nvim/runtime/plugin/matchit.vim
054.372  000.124  000.124: sourcing /opt/homebrew/Cellar/neovim/0.7.0/share/nvim/runtime/plugin/matchparen.vim
054.615  000.216  000.216: sourcing /opt/homebrew/Cellar/neovim/0.7.0/share/nvim/runtime/plugin/netrwPlugin.vim
054.916  000.099  000.099: sourcing /Users/fadel/.local/share/nvim/rplugin.vim
054.920  000.271  000.171: sourcing /opt/homebrew/Cellar/neovim/0.7.0/share/nvim/runtime/plugin/rplugin.vim
055.014  000.062  000.062: sourcing /opt/homebrew/Cellar/neovim/0.7.0/share/nvim/runtime/plugin/shada.vim
055.077  000.030  000.030: sourcing /opt/homebrew/Cellar/neovim/0.7.0/share/nvim/runtime/plugin/spellfile.vim
055.142  000.033  000.033: sourcing /opt/homebrew/Cellar/neovim/0.7.0/share/nvim/runtime/plugin/tarPlugin.vim
055.208  000.035  000.035: sourcing /opt/homebrew/Cellar/neovim/0.7.0/share/nvim/runtime/plugin/tohtml.vim
055.275  000.035  000.035: sourcing /opt/homebrew/Cellar/neovim/0.7.0/share/nvim/runtime/plugin/tutor.vim
055.339  000.030  000.030: sourcing /opt/homebrew/Cellar/neovim/0.7.0/share/nvim/runtime/plugin/zipPlugin.vim
104.327  048.865  048.865: sourcing /Users/fadel/.config/nvim/plugin/ppacker_compiled.lua
104.723  002.190: loading rtp plugins
105.800  000.134  000.134: sourcing /Users/fadel/.local/share/nvim/site/pack/packer/start/nightfox.nvim/plugin/nightfox.vim
106.335  000.120  000.120: sourcing /Users/fadel/.local/share/nvim/site/pack/packer/start/plenary.nvim/plugin/plenary.vim
106.501  001.524: loading packages
106.857  000.356: loading after plugins
106.864  000.008: inits 3
109.269  002.405: reading ShaDa
109.319  000.050: opening buffers
109.383  000.064: BufEnter autocommands
109.387  000.004: editing files in windows
130.289  020.902: VimEnter autocommands
130.294  000.005: UIEnter autocommands
130.867  000.443  000.443: sourcing /opt/homebrew/Cellar/neovim/0.7.0/share/nvim/runtime/autoload/provider/clipboard.vim
130.874  000.137: before starting main loop
134.285  003.411: first screen update
134.286  000.001: --- NVIM STARTED ---


times in msec
 clock   self+sourced   self:  sourced script
 clock   elapsed:              other lines

000.004  000.004: --- NVIM STARTING ---
000.366  000.363: locale set
004.847  004.481: inits 1
004.865  000.018: window checked
004.868  000.002: parsing arguments
007.072  002.204: expanding arguments
007.105  000.033: inits 2
007.574  000.469: init highlight
007.576  000.002: waiting for UI
009.260  001.684: done waiting for UI
009.276  000.015: init screen for UI
009.292  000.017: init default mappings
009.322  000.030: init default autocommands
010.649  000.288  000.288: sourcing /opt/homebrew/Cellar/neovim/0.7.0/share/nvim/runtime/ftplugin.vim
010.981  000.224  000.224: sourcing /opt/homebrew/Cellar/neovim/0.7.0/share/nvim/runtime/indent.vim
025.310  003.322  003.322: sourcing /Users/fadel/.local/share/nvim/site/pack/packer/start/nightfox.nvim/colors/nightfox.vim
025.322  014.233  010.911: sourcing /Users/fadel/.config/nvim/init.lua
025.333  001.265: sourcing vimrc file(s)
025.908  000.439  000.439: sourcing /opt/homebrew/Cellar/neovim/0.7.0/share/nvim/runtime/filetype.lua
026.195  000.231  000.231: sourcing /opt/homebrew/Cellar/neovim/0.7.0/share/nvim/runtime/filetype.vim
026.690  000.133  000.133: sourcing /opt/homebrew/Cellar/neovim/0.7.0/share/nvim/runtime/syntax/synload.vim
026.794  000.544  000.410: sourcing /opt/homebrew/Cellar/neovim/0.7.0/share/nvim/runtime/syntax/syntax.vim
027.860  000.167  000.167: sourcing /opt/homebrew/Cellar/neovim/0.7.0/share/nvim/runtime/plugin/gzip.vim
028.035  000.143  000.143: sourcing /opt/homebrew/Cellar/neovim/0.7.0/share/nvim/runtime/plugin/health.vim
028.168  000.101  000.101: sourcing /opt/homebrew/Cellar/neovim/0.7.0/share/nvim/runtime/plugin/man.vim
028.236  000.038  000.038: sourcing /opt/homebrew/Cellar/neovim/0.7.0/share/nvim/runtime/plugin/matchit.vim
028.405  000.135  000.135: sourcing /opt/homebrew/Cellar/neovim/0.7.0/share/nvim/runtime/plugin/matchparen.vim
028.678  000.242  000.242: sourcing /opt/homebrew/Cellar/neovim/0.7.0/share/nvim/runtime/plugin/netrwPlugin.vim
028.993  000.119  000.119: sourcing /Users/fadel/.local/share/nvim/rplugin.vim
028.999  000.281  000.162: sourcing /opt/homebrew/Cellar/neovim/0.7.0/share/nvim/runtime/plugin/rplugin.vim
029.100  000.068  000.068: sourcing /opt/homebrew/Cellar/neovim/0.7.0/share/nvim/runtime/plugin/shada.vim
029.168  000.034  000.034: sourcing /opt/homebrew/Cellar/neovim/0.7.0/share/nvim/runtime/plugin/spellfile.vim
029.239  000.037  000.037: sourcing /opt/homebrew/Cellar/neovim/0.7.0/share/nvim/runtime/plugin/tarPlugin.vim
029.309  000.037  000.037: sourcing /opt/homebrew/Cellar/neovim/0.7.0/share/nvim/runtime/plugin/tohtml.vim
029.384  000.039  000.039: sourcing /opt/homebrew/Cellar/neovim/0.7.0/share/nvim/runtime/plugin/tutor.vim
029.458  000.039  000.039: sourcing /opt/homebrew/Cellar/neovim/0.7.0/share/nvim/runtime/plugin/zipPlugin.vim
029.881  001.973: loading rtp plugins
030.915  000.136  000.136: sourcing /Users/fadel/.local/share/nvim/site/pack/packer/start/nightfox.nvim/plugin/nightfox.vim
031.513  000.125  000.125: sourcing /Users/fadel/.local/share/nvim/site/pack/packer/start/plenary.nvim/plugin/plenary.vim
031.708  001.567: loading packages
032.130  000.422: loading after plugins
032.140  000.010: inits 3
034.136  001.996: reading ShaDa
034.199  000.063: opening buffers
034.239  000.040: BufEnter autocommands
034.240  000.001: editing files in windows
034.352  000.112: VimEnter autocommands
034.353  000.002: UIEnter autocommands
034.865  000.404  000.404: sourcing /opt/homebrew/Cellar/neovim/0.7.0/share/nvim/runtime/autoload/provider/clipboard.vim
034.869  000.111: before starting main loop
035.171  000.302: first screen update
035.173  000.001: --- NVIM STARTED ---


times in msec
 clock   self+sourced   self:  sourced script
 clock   elapsed:              other lines

000.005  000.005: --- NVIM STARTING ---
000.481  000.476: locale set
005.658  005.177: inits 1
005.690  000.032: window checked
005.695  000.005: parsing arguments
008.454  002.760: expanding arguments
008.519  000.064: inits 2
009.127  000.609: init highlight
009.129  000.002: waiting for UI
011.418  002.288: done waiting for UI
011.439  000.021: init screen for UI
011.463  000.024: init default mappings
011.508  000.045: init default autocommands
013.920  000.276  000.276: sourcing /opt/homebrew/Cellar/neovim/0.7.0/share/nvim/runtime/ftplugin.vim
014.267  000.216  000.216: sourcing /opt/homebrew/Cellar/neovim/0.7.0/share/nvim/runtime/indent.vim
030.556  004.186  004.186: sourcing /Users/fadel/.local/share/nvim/site/pack/packer/start/nightfox.nvim/colors/nightfox.vim
030.577  016.168  011.982: sourcing /Users/fadel/.config/nvim/init.lua
030.599  002.431: sourcing vimrc file(s)
031.181  000.407  000.407: sourcing /opt/homebrew/Cellar/neovim/0.7.0/share/nvim/runtime/filetype.lua
031.426  000.190  000.190: sourcing /opt/homebrew/Cellar/neovim/0.7.0/share/nvim/runtime/filetype.vim
031.888  000.169  000.169: sourcing /opt/homebrew/Cellar/neovim/0.7.0/share/nvim/runtime/syntax/synload.vim
031.991  000.508  000.340: sourcing /opt/homebrew/Cellar/neovim/0.7.0/share/nvim/runtime/syntax/syntax.vim
033.188  000.171  000.171: sourcing /opt/homebrew/Cellar/neovim/0.7.0/share/nvim/runtime/plugin/gzip.vim
033.370  000.141  000.141: sourcing /opt/homebrew/Cellar/neovim/0.7.0/share/nvim/runtime/plugin/health.vim
033.506  000.099  000.099: sourcing /opt/homebrew/Cellar/neovim/0.7.0/share/nvim/runtime/plugin/man.vim
033.579  000.036  000.036: sourcing /opt/homebrew/Cellar/neovim/0.7.0/share/nvim/runtime/plugin/matchit.vim
033.774  000.158  000.158: sourcing /opt/homebrew/Cellar/neovim/0.7.0/share/nvim/runtime/plugin/matchparen.vim
034.146  000.333  000.333: sourcing /opt/homebrew/Cellar/neovim/0.7.0/share/nvim/runtime/plugin/netrwPlugin.vim
034.556  000.136  000.136: sourcing /Users/fadel/.local/share/nvim/rplugin.vim
034.568  000.351  000.215: sourcing /opt/homebrew/Cellar/neovim/0.7.0/share/nvim/runtime/plugin/rplugin.vim
034.777  000.123  000.123: sourcing /opt/homebrew/Cellar/neovim/0.7.0/share/nvim/runtime/plugin/shada.vim
034.880  000.045  000.045: sourcing /opt/homebrew/Cellar/neovim/0.7.0/share/nvim/runtime/plugin/spellfile.vim
034.976  000.049  000.049: sourcing /opt/homebrew/Cellar/neovim/0.7.0/share/nvim/runtime/plugin/tarPlugin.vim
035.108  000.050  000.050: sourcing /opt/homebrew/Cellar/neovim/0.7.0/share/nvim/runtime/plugin/tohtml.vim
035.219  000.051  000.051: sourcing /opt/homebrew/Cellar/neovim/0.7.0/share/nvim/runtime/plugin/tutor.vim
035.315  000.045  000.045: sourcing /opt/homebrew/Cellar/neovim/0.7.0/share/nvim/runtime/plugin/zipPlugin.vim
035.833  002.476: loading rtp plugins
036.566  000.172  000.172: sourcing /Users/fadel/.local/share/nvim/site/pack/packer/start/nightfox.nvim/plugin/nightfox.vim
037.028  000.167  000.167: sourcing /Users/fadel/.local/share/nvim/site/pack/packer/start/plenary.nvim/plugin/plenary.vim
037.263  001.091: loading packages
037.801  000.538: loading after plugins
037.810  000.009: inits 3
040.352  002.543: reading ShaDa
040.408  000.055: opening buffers
040.434  000.027: BufEnter autocommands
040.436  000.002: editing files in windows
040.546  000.110: VimEnter autocommands
040.547  000.002: UIEnter autocommands
040.971  000.322  000.322: sourcing /opt/homebrew/Cellar/neovim/0.7.0/share/nvim/runtime/autoload/provider/clipboard.vim
040.976  000.106: before starting main loop
041.293  000.317: first screen update
041.294  000.001: --- NVIM STARTED ---


times in msec
 clock   self+sourced   self:  sourced script
 clock   elapsed:              other lines

000.023  000.023: --- NVIM STARTING ---
003.486  003.464: locale set
011.309  007.822: inits 1
011.505  000.197: window checked
011.508  000.003: parsing arguments
015.857  004.349: expanding arguments
016.267  000.410: inits 2
016.665  000.398: init highlight
016.665  000.001: waiting for UI
018.922  002.257: done waiting for UI
018.938  000.015: init screen for UI
018.972  000.034: init default mappings
019.480  000.508: init default autocommands
020.866  000.664  000.664: sourcing /opt/homebrew/Cellar/neovim/0.7.0/share/nvim/runtime/ftplugin.vim
021.072  000.134  000.134: sourcing /opt/homebrew/Cellar/neovim/0.7.0/share/nvim/runtime/indent.vim
037.828  002.671  002.671: sourcing /Users/fadel/.local/share/nvim/site/pack/packer/start/nightfox.nvim/colors/nightfox.vim
037.836  016.671  014.000: sourcing /Users/fadel/.config/nvim/init.lua
037.844  000.895: sourcing vimrc file(s)
038.226  000.286  000.286: sourcing /opt/homebrew/Cellar/neovim/0.7.0/share/nvim/runtime/filetype.lua
038.414  000.138  000.138: sourcing /opt/homebrew/Cellar/neovim/0.7.0/share/nvim/runtime/filetype.vim
038.789  000.121  000.121: sourcing /opt/homebrew/Cellar/neovim/0.7.0/share/nvim/runtime/syntax/synload.vim
039.055  000.590  000.470: sourcing /opt/homebrew/Cellar/neovim/0.7.0/share/nvim/runtime/syntax/syntax.vim
040.143  000.149  000.149: sourcing /opt/homebrew/Cellar/neovim/0.7.0/share/nvim/runtime/plugin/gzip.vim
040.282  000.108  000.108: sourcing /opt/homebrew/Cellar/neovim/0.7.0/share/nvim/runtime/plugin/health.vim
040.405  000.098  000.098: sourcing /opt/homebrew/Cellar/neovim/0.7.0/share/nvim/runtime/plugin/man.vim
040.462  000.030  000.030: sourcing /opt/homebrew/Cellar/neovim/0.7.0/share/nvim/runtime/plugin/matchit.vim
040.606  000.118  000.118: sourcing /opt/homebrew/Cellar/neovim/0.7.0/share/nvim/runtime/plugin/matchparen.vim
040.849  000.216  000.216: sourcing /opt/homebrew/Cellar/neovim/0.7.0/share/nvim/runtime/plugin/netrwPlugin.vim
041.140  000.097  000.097: sourcing /Users/fadel/.local/share/nvim/rplugin.vim
041.144  000.261  000.164: sourcing /opt/homebrew/Cellar/neovim/0.7.0/share/nvim/runtime/plugin/rplugin.vim
041.239  000.063  000.063: sourcing /opt/homebrew/Cellar/neovim/0.7.0/share/nvim/runtime/plugin/shada.vim
041.301  000.028  000.028: sourcing /opt/homebrew/Cellar/neovim/0.7.0/share/nvim/runtime/plugin/spellfile.vim
041.366  000.034  000.034: sourcing /opt/homebrew/Cellar/neovim/0.7.0/share/nvim/runtime/plugin/tarPlugin.vim
041.432  000.035  000.035: sourcing /opt/homebrew/Cellar/neovim/0.7.0/share/nvim/runtime/plugin/tohtml.vim
041.496  000.034  000.034: sourcing /opt/homebrew/Cellar/neovim/0.7.0/share/nvim/runtime/plugin/tutor.vim
041.562  000.035  000.035: sourcing /opt/homebrew/Cellar/neovim/0.7.0/share/nvim/runtime/plugin/zipPlugin.vim
110.018  068.343  068.343: sourcing /Users/fadel/.config/nvim/plugin/packer_compiled.lua
110.447  002.038: loading rtp plugins
111.106  000.178  000.178: sourcing /Users/fadel/.local/share/nvim/site/pack/packer/start/nightfox.nvim/plugin/nightfox.vim
111.507  000.148  000.148: sourcing /Users/fadel/.local/share/nvim/site/pack/packer/start/plenary.nvim/plugin/plenary.vim
111.710  000.937: loading packages
112.104  000.394: loading after plugins
112.113  000.009: inits 3
114.612  002.499: reading ShaDa
114.668  000.056: opening buffers
114.754  000.086: BufEnter autocommands
114.755  000.002: editing files in windows
116.279  001.524: VimEnter autocommands
116.282  000.003: UIEnter autocommands
116.741  000.326  000.326: sourcing /opt/homebrew/Cellar/neovim/0.7.0/share/nvim/runtime/autoload/provider/clipboard.vim
116.747  000.140: before starting main loop
121.242  004.495: first screen update
121.246  000.003: --- NVIM STARTED ---
